<?xml version="1.0" encoding="UTF-8"?>
<testsuite name="models.UsersTest" tests="1" skipped="0" failures="0" errors="0" timestamp="2020-07-23T07:50:56" hostname="moringa-ThinkPad-T450" time="0.002">
  <properties/>
  <testcase name="setId" classname="models.UsersTest" time="0.002"/>
  <system-out><![CDATA[]]></system-out>
  <system-err><![CDATA[]]></system-err>
</testsuite>
