<?xml version="1.0" encoding="UTF-8"?>
<testsuite name="models.NewsTest" tests="2" skipped="0" failures="0" errors="0" timestamp="2020-07-22T14:31:58" hostname="moringa-ThinkPad-T450" time="0.002">
  <properties/>
  <testcase name="setId" classname="models.NewsTest" time="0.001"/>
  <testcase name="News_instantiatesWithCorrectValues" classname="models.NewsTest" time="0.0"/>
  <system-out><![CDATA[]]></system-out>
  <system-err><![CDATA[]]></system-err>
</testsuite>
